<?xml version="1.0" encoding="UTF-8"?>
<!-- Generated by org.testng.reporters.JUnitXMLReporter -->
<testsuite ignored="0" hostname="DESKTOP-5BS10NK" failures="1" tests="1" name="Test" time="2.16" errors="0" timestamp="2024-04-10T20:04:11 IST">
  <testcase classname="com.internet.testcases.TC1_WelcomeTest" name="firstPage" time="0.046">
    <failure type="java.lang.NullPointerException" message="Cannot invoke &amp;quot;java.util.Properties.getProperty(String)&amp;quot; because &amp;quot;com.internet.pagesobj.P1_IndexPage.prop&amp;quot; is null">
      <![CDATA[java.lang.NullPointerException: Cannot invoke "java.util.Properties.getProperty(String)" because "com.internet.pagesobj.P1_IndexPage.prop" is null
at com.internet.pagesobj.P1_IndexPage.loginToPage(P1_IndexPage.java:47)
at com.internet.testcases.TC1_WelcomeTest.firstPage(TC1_WelcomeTest.java:17)
at java.base/java.util.ArrayList.forEach(ArrayList.java:1511)
... Removed 27 stack frames]]>
    </failure>
  </testcase> <!-- firstPage -->
</testsuite> <!-- Test -->
