<?xml version="1.0" encoding="UTF-8"?>
<testng-results ignored="0" total="2" passed="2" failed="0" skipped="0">
  <reporter-output>
  </reporter-output>
  <suite started-at="2024-04-13T23:24:50 IST" name="Default suite" finished-at="2024-04-13T23:25:03 IST" duration-ms="12684">
    <groups>
    </groups>
    <test started-at="2024-04-13T23:24:50 IST" name="Default test" finished-at="2024-04-13T23:25:03 IST" duration-ms="12684">
      <class name="com.internet.testcases.Test1">
        <test-method signature="testMethod1()[pri:0, instance:com.internet.testcases.Test1@8dbdac1]" started-at="2024-04-13T23:24:50 IST" name="testMethod1" finished-at="2024-04-13T23:24:57 IST" duration-ms="7101" status="PASS">
          <reporter-output>
          </reporter-output>
        </test-method> <!-- testMethod1 -->
        <test-method signature="testMethod2()[pri:0, instance:com.internet.testcases.Test1@8dbdac1]" started-at="2024-04-13T23:24:57 IST" name="testMethod2" finished-at="2024-04-13T23:25:03 IST" duration-ms="5540" status="PASS">
          <reporter-output>
          </reporter-output>
        </test-method> <!-- testMethod2 -->
      </class> <!-- com.internet.testcases.Test1 -->
    </test> <!-- Default test -->
  </suite> <!-- Default suite -->
</testng-results>
